2025-06-01 18:38:02,721 - httpx - INFO - HTTP Request: POST https://api.telegram.org/bot8126202417:AAFxwmr3ui6nm1rNV2O3bykYwUjEpi6c4Cs/getMe "HTTP/1.1 200 OK"
2025-06-01 18:38:02,957 - httpx - INFO - HTTP Request: POST https://api.telegram.org/bot8126202417:AAFxwmr3ui6nm1rNV2O3bykYwUjEpi6c4Cs/deleteWebhook "HTTP/1.1 200 OK"
2025-06-01 18:38:02,963 - telegram.ext.Application - INFO - Application started
2025-06-01 18:38:13,704 - httpx - INFO - HTTP Request: POST https://api.telegram.org/bot8126202417:AAFxwmr3ui6nm1rNV2O3bykYwUjEpi6c4Cs/getUpdates "HTTP/1.1 200 OK"
2025-06-01 18:38:23,949 - httpx - INFO - HTTP Request: POST https://api.telegram.org/bot8126202417:AAFxwmr3ui6nm1rNV2O3bykYwUjEpi6c4Cs/getUpdates "HTTP/1.1 200 OK"
2025-06-01 18:38:26,311 - httpx - INFO - HTTP Request: POST https://api.telegram.org/bot8126202417:AAFxwmr3ui6nm1rNV2O3bykYwUjEpi6c4Cs/getUpdates "HTTP/1.1 200 OK"
2025-06-01 18:38:27,190 - httpx - INFO - HTTP Request: POST https://api.telegram.org/bot8126202417:AAFxwmr3ui6nm1rNV2O3bykYwUjEpi6c4Cs/sendMessage "HTTP/1.1 200 OK"
2025-06-01 18:38:31,773 - httpx - INFO - HTTP Request: POST https://api.telegram.org/bot8126202417:AAFxwmr3ui6nm1rNV2O3bykYwUjEpi6c4Cs/getUpdates "HTTP/1.1 200 OK"
2025-06-01 18:38:32,136 - httpx - INFO - HTTP Request: POST https://api.telegram.org/bot8126202417:AAFxwmr3ui6nm1rNV2O3bykYwUjEpi6c4Cs/answerCallbackQuery "HTTP/1.1 200 OK"
2025-06-01 18:38:32,136 - sandybot.bot - ERROR - Error procesando update: 'NoneType' object has no attribute 'reply_text'
2025-06-01 18:38:32,506 - httpx - INFO - HTTP Request: POST https://api.telegram.org/bot8126202417:AAFxwmr3ui6nm1rNV2O3bykYwUjEpi6c4Cs/sendMessage "HTTP/1.1 200 OK"
2025-06-01 18:38:42,019 - httpx - INFO - HTTP Request: POST https://api.telegram.org/bot8126202417:AAFxwmr3ui6nm1rNV2O3bykYwUjEpi6c4Cs/getUpdates "HTTP/1.1 200 OK"
2025-06-01 18:38:52,266 - httpx - INFO - HTTP Request: POST https://api.telegram.org/bot8126202417:AAFxwmr3ui6nm1rNV2O3bykYwUjEpi6c4Cs/getUpdates "HTTP/1.1 200 OK"
2025-06-01 18:39:02,512 - httpx - INFO - HTTP Request: POST https://api.telegram.org/bot8126202417:AAFxwmr3ui6nm1rNV2O3bykYwUjEpi6c4Cs/getUpdates "HTTP/1.1 200 OK"
2025-06-01 18:39:12,758 - httpx - INFO - HTTP Request: POST https://api.telegram.org/bot8126202417:AAFxwmr3ui6nm1rNV2O3bykYwUjEpi6c4Cs/getUpdates "HTTP/1.1 200 OK"
2025-06-01 18:39:23,002 - httpx - INFO - HTTP Request: POST https://api.telegram.org/bot8126202417:AAFxwmr3ui6nm1rNV2O3bykYwUjEpi6c4Cs/getUpdates "HTTP/1.1 200 OK"
2025-06-01 18:39:31,425 - httpx - INFO - HTTP Request: POST https://api.telegram.org/bot8126202417:AAFxwmr3ui6nm1rNV2O3bykYwUjEpi6c4Cs/getUpdates "HTTP/1.1 200 OK"
2025-06-01 18:39:31,426 - telegram.ext.Application - INFO - Application is stopping. This might take a moment.
2025-06-01 18:39:31,427 - telegram.ext.Application - INFO - Application.stop() complete
2025-06-01 18:39:42,655 - httpx - INFO - HTTP Request: POST https://api.telegram.org/bot8126202417:AAFxwmr3ui6nm1rNV2O3bykYwUjEpi6c4Cs/getMe "HTTP/1.1 200 OK"
2025-06-01 18:39:42,889 - httpx - INFO - HTTP Request: POST https://api.telegram.org/bot8126202417:AAFxwmr3ui6nm1rNV2O3bykYwUjEpi6c4Cs/deleteWebhook "HTTP/1.1 200 OK"
2025-06-01 18:39:42,891 - telegram.ext.Application - INFO - Application started
2025-06-01 18:39:45,917 - httpx - INFO - HTTP Request: POST https://api.telegram.org/bot8126202417:AAFxwmr3ui6nm1rNV2O3bykYwUjEpi6c4Cs/getUpdates "HTTP/1.1 200 OK"
2025-06-01 18:39:46,265 - httpx - INFO - HTTP Request: POST https://api.telegram.org/bot8126202417:AAFxwmr3ui6nm1rNV2O3bykYwUjEpi6c4Cs/answerCallbackQuery "HTTP/1.1 200 OK"
2025-06-01 18:39:46,267 - sandybot.bot - ERROR - Error procesando update: 'NoneType' object has no attribute 'reply_text'
2025-06-01 18:39:46,642 - httpx - INFO - HTTP Request: POST https://api.telegram.org/bot8126202417:AAFxwmr3ui6nm1rNV2O3bykYwUjEpi6c4Cs/sendMessage "HTTP/1.1 200 OK"
2025-06-01 18:39:56,153 - httpx - INFO - HTTP Request: POST https://api.telegram.org/bot8126202417:AAFxwmr3ui6nm1rNV2O3bykYwUjEpi6c4Cs/getUpdates "HTTP/1.1 200 OK"
2025-06-01 18:40:06,389 - httpx - INFO - HTTP Request: POST https://api.telegram.org/bot8126202417:AAFxwmr3ui6nm1rNV2O3bykYwUjEpi6c4Cs/getUpdates "HTTP/1.1 200 OK"
2025-06-01 18:40:16,624 - httpx - INFO - HTTP Request: POST https://api.telegram.org/bot8126202417:AAFxwmr3ui6nm1rNV2O3bykYwUjEpi6c4Cs/getUpdates "HTTP/1.1 200 OK"
2025-06-01 18:40:26,860 - httpx - INFO - HTTP Request: POST https://api.telegram.org/bot8126202417:AAFxwmr3ui6nm1rNV2O3bykYwUjEpi6c4Cs/getUpdates "HTTP/1.1 200 OK"
2025-06-01 18:40:37,096 - httpx - INFO - HTTP Request: POST https://api.telegram.org/bot8126202417:AAFxwmr3ui6nm1rNV2O3bykYwUjEpi6c4Cs/getUpdates "HTTP/1.1 200 OK"
2025-06-01 18:40:47,333 - httpx - INFO - HTTP Request: POST https://api.telegram.org/bot8126202417:AAFxwmr3ui6nm1rNV2O3bykYwUjEpi6c4Cs/getUpdates "HTTP/1.1 200 OK"
2025-06-01 18:40:57,569 - httpx - INFO - HTTP Request: POST https://api.telegram.org/bot8126202417:AAFxwmr3ui6nm1rNV2O3bykYwUjEpi6c4Cs/getUpdates "HTTP/1.1 200 OK"
2025-06-01 18:41:07,806 - httpx - INFO - HTTP Request: POST https://api.telegram.org/bot8126202417:AAFxwmr3ui6nm1rNV2O3bykYwUjEpi6c4Cs/getUpdates "HTTP/1.1 200 OK"
2025-06-01 18:41:18,043 - httpx - INFO - HTTP Request: POST https://api.telegram.org/bot8126202417:AAFxwmr3ui6nm1rNV2O3bykYwUjEpi6c4Cs/getUpdates "HTTP/1.1 200 OK"
2025-06-01 18:41:28,280 - httpx - INFO - HTTP Request: POST https://api.telegram.org/bot8126202417:AAFxwmr3ui6nm1rNV2O3bykYwUjEpi6c4Cs/getUpdates "HTTP/1.1 200 OK"
2025-06-01 18:41:38,515 - httpx - INFO - HTTP Request: POST https://api.telegram.org/bot8126202417:AAFxwmr3ui6nm1rNV2O3bykYwUjEpi6c4Cs/getUpdates "HTTP/1.1 200 OK"
2025-06-01 18:41:48,751 - httpx - INFO - HTTP Request: POST https://api.telegram.org/bot8126202417:AAFxwmr3ui6nm1rNV2O3bykYwUjEpi6c4Cs/getUpdates "HTTP/1.1 200 OK"
2025-06-01 18:41:58,987 - httpx - INFO - HTTP Request: POST https://api.telegram.org/bot8126202417:AAFxwmr3ui6nm1rNV2O3bykYwUjEpi6c4Cs/getUpdates "HTTP/1.1 200 OK"
2025-06-01 18:42:09,222 - httpx - INFO - HTTP Request: POST https://api.telegram.org/bot8126202417:AAFxwmr3ui6nm1rNV2O3bykYwUjEpi6c4Cs/getUpdates "HTTP/1.1 200 OK"
2025-06-01 18:42:19,462 - httpx - INFO - HTTP Request: POST https://api.telegram.org/bot8126202417:AAFxwmr3ui6nm1rNV2O3bykYwUjEpi6c4Cs/getUpdates "HTTP/1.1 200 OK"
2025-06-01 18:42:29,698 - httpx - INFO - HTTP Request: POST https://api.telegram.org/bot8126202417:AAFxwmr3ui6nm1rNV2O3bykYwUjEpi6c4Cs/getUpdates "HTTP/1.1 200 OK"
2025-06-01 18:42:39,935 - httpx - INFO - HTTP Request: POST https://api.telegram.org/bot8126202417:AAFxwmr3ui6nm1rNV2O3bykYwUjEpi6c4Cs/getUpdates "HTTP/1.1 200 OK"
2025-06-01 18:42:50,178 - httpx - INFO - HTTP Request: POST https://api.telegram.org/bot8126202417:AAFxwmr3ui6nm1rNV2O3bykYwUjEpi6c4Cs/getUpdates "HTTP/1.1 200 OK"
2025-06-01 18:43:00,417 - httpx - INFO - HTTP Request: POST https://api.telegram.org/bot8126202417:AAFxwmr3ui6nm1rNV2O3bykYwUjEpi6c4Cs/getUpdates "HTTP/1.1 200 OK"
2025-06-01 18:43:10,660 - httpx - INFO - HTTP Request: POST https://api.telegram.org/bot8126202417:AAFxwmr3ui6nm1rNV2O3bykYwUjEpi6c4Cs/getUpdates "HTTP/1.1 200 OK"
2025-06-01 18:43:20,902 - httpx - INFO - HTTP Request: POST https://api.telegram.org/bot8126202417:AAFxwmr3ui6nm1rNV2O3bykYwUjEpi6c4Cs/getUpdates "HTTP/1.1 200 OK"
2025-06-01 18:43:31,143 - httpx - INFO - HTTP Request: POST https://api.telegram.org/bot8126202417:AAFxwmr3ui6nm1rNV2O3bykYwUjEpi6c4Cs/getUpdates "HTTP/1.1 200 OK"
2025-06-01 18:43:41,384 - httpx - INFO - HTTP Request: POST https://api.telegram.org/bot8126202417:AAFxwmr3ui6nm1rNV2O3bykYwUjEpi6c4Cs/getUpdates "HTTP/1.1 200 OK"
2025-06-01 18:43:51,619 - httpx - INFO - HTTP Request: POST https://api.telegram.org/bot8126202417:AAFxwmr3ui6nm1rNV2O3bykYwUjEpi6c4Cs/getUpdates "HTTP/1.1 200 OK"
2025-06-01 18:44:01,854 - httpx - INFO - HTTP Request: POST https://api.telegram.org/bot8126202417:AAFxwmr3ui6nm1rNV2O3bykYwUjEpi6c4Cs/getUpdates "HTTP/1.1 200 OK"
2025-06-01 18:44:12,088 - httpx - INFO - HTTP Request: POST https://api.telegram.org/bot8126202417:AAFxwmr3ui6nm1rNV2O3bykYwUjEpi6c4Cs/getUpdates "HTTP/1.1 200 OK"
2025-06-01 18:44:22,324 - httpx - INFO - HTTP Request: POST https://api.telegram.org/bot8126202417:AAFxwmr3ui6nm1rNV2O3bykYwUjEpi6c4Cs/getUpdates "HTTP/1.1 200 OK"
2025-06-01 18:44:32,562 - httpx - INFO - HTTP Request: POST https://api.telegram.org/bot8126202417:AAFxwmr3ui6nm1rNV2O3bykYwUjEpi6c4Cs/getUpdates "HTTP/1.1 200 OK"
2025-06-01 18:44:42,804 - httpx - INFO - HTTP Request: POST https://api.telegram.org/bot8126202417:AAFxwmr3ui6nm1rNV2O3bykYwUjEpi6c4Cs/getUpdates "HTTP/1.1 200 OK"
2025-06-01 18:44:53,039 - httpx - INFO - HTTP Request: POST https://api.telegram.org/bot8126202417:AAFxwmr3ui6nm1rNV2O3bykYwUjEpi6c4Cs/getUpdates "HTTP/1.1 200 OK"
2025-06-01 18:45:03,279 - httpx - INFO - HTTP Request: POST https://api.telegram.org/bot8126202417:AAFxwmr3ui6nm1rNV2O3bykYwUjEpi6c4Cs/getUpdates "HTTP/1.1 200 OK"
2025-06-01 18:45:13,517 - httpx - INFO - HTTP Request: POST https://api.telegram.org/bot8126202417:AAFxwmr3ui6nm1rNV2O3bykYwUjEpi6c4Cs/getUpdates "HTTP/1.1 200 OK"
2025-06-01 18:45:23,756 - httpx - INFO - HTTP Request: POST https://api.telegram.org/bot8126202417:AAFxwmr3ui6nm1rNV2O3bykYwUjEpi6c4Cs/getUpdates "HTTP/1.1 200 OK"
2025-06-01 18:45:33,996 - httpx - INFO - HTTP Request: POST https://api.telegram.org/bot8126202417:AAFxwmr3ui6nm1rNV2O3bykYwUjEpi6c4Cs/getUpdates "HTTP/1.1 200 OK"
2025-06-01 18:45:40,884 - httpx - INFO - HTTP Request: POST https://api.telegram.org/bot8126202417:AAFxwmr3ui6nm1rNV2O3bykYwUjEpi6c4Cs/getUpdates "HTTP/1.1 200 OK"
2025-06-01 18:45:40,885 - telegram.ext.Application - INFO - Application is stopping. This might take a moment.
2025-06-01 18:45:40,885 - telegram.ext.Application - INFO - Application.stop() complete
2025-06-01 18:45:48,788 - httpx - INFO - HTTP Request: POST https://api.telegram.org/bot8126202417:AAFxwmr3ui6nm1rNV2O3bykYwUjEpi6c4Cs/getMe "HTTP/1.1 200 OK"
2025-06-01 18:45:49,029 - httpx - INFO - HTTP Request: POST https://api.telegram.org/bot8126202417:AAFxwmr3ui6nm1rNV2O3bykYwUjEpi6c4Cs/deleteWebhook "HTTP/1.1 200 OK"
2025-06-01 18:45:49,030 - telegram.ext.Application - INFO - Application started
2025-06-01 18:45:58,809 - httpx - INFO - HTTP Request: POST https://api.telegram.org/bot8126202417:AAFxwmr3ui6nm1rNV2O3bykYwUjEpi6c4Cs/getUpdates "HTTP/1.1 200 OK"
2025-06-01 18:45:59,659 - httpx - INFO - HTTP Request: POST https://api.telegram.org/bot8126202417:AAFxwmr3ui6nm1rNV2O3bykYwUjEpi6c4Cs/sendMessage "HTTP/1.1 200 OK"
2025-06-01 18:46:01,388 - httpx - INFO - HTTP Request: POST https://api.telegram.org/bot8126202417:AAFxwmr3ui6nm1rNV2O3bykYwUjEpi6c4Cs/getUpdates "HTTP/1.1 200 OK"
2025-06-01 18:46:01,738 - httpx - INFO - HTTP Request: POST https://api.telegram.org/bot8126202417:AAFxwmr3ui6nm1rNV2O3bykYwUjEpi6c4Cs/answerCallbackQuery "HTTP/1.1 200 OK"
2025-06-01 18:46:01,739 - sandybot.bot - ERROR - Error procesando update: 'NoneType' object has no attribute 'reply_text'
2025-06-01 18:46:02,112 - httpx - INFO - HTTP Request: POST https://api.telegram.org/bot8126202417:AAFxwmr3ui6nm1rNV2O3bykYwUjEpi6c4Cs/sendMessage "HTTP/1.1 200 OK"
2025-06-01 18:46:11,626 - httpx - INFO - HTTP Request: POST https://api.telegram.org/bot8126202417:AAFxwmr3ui6nm1rNV2O3bykYwUjEpi6c4Cs/getUpdates "HTTP/1.1 200 OK"
2025-06-01 18:46:21,862 - httpx - INFO - HTTP Request: POST https://api.telegram.org/bot8126202417:AAFxwmr3ui6nm1rNV2O3bykYwUjEpi6c4Cs/getUpdates "HTTP/1.1 200 OK"
2025-06-01 18:46:32,098 - httpx - INFO - HTTP Request: POST https://api.telegram.org/bot8126202417:AAFxwmr3ui6nm1rNV2O3bykYwUjEpi6c4Cs/getUpdates "HTTP/1.1 200 OK"
2025-06-01 18:46:42,335 - httpx - INFO - HTTP Request: POST https://api.telegram.org/bot8126202417:AAFxwmr3ui6nm1rNV2O3bykYwUjEpi6c4Cs/getUpdates "HTTP/1.1 200 OK"
2025-06-01 18:46:52,573 - httpx - INFO - HTTP Request: POST https://api.telegram.org/bot8126202417:AAFxwmr3ui6nm1rNV2O3bykYwUjEpi6c4Cs/getUpdates "HTTP/1.1 200 OK"
2025-06-01 18:47:02,263 - httpx - INFO - HTTP Request: POST https://api.telegram.org/bot8126202417:AAFxwmr3ui6nm1rNV2O3bykYwUjEpi6c4Cs/getUpdates "HTTP/1.1 200 OK"
2025-06-01 18:47:02,265 - telegram.ext.Application - INFO - Application is stopping. This might take a moment.
2025-06-01 18:47:02,266 - telegram.ext.Application - INFO - Application.stop() complete
2025-06-01 18:47:12,359 - httpx - INFO - HTTP Request: POST https://api.telegram.org/bot8126202417:AAFxwmr3ui6nm1rNV2O3bykYwUjEpi6c4Cs/getMe "HTTP/1.1 200 OK"
2025-06-01 18:47:12,593 - httpx - INFO - HTTP Request: POST https://api.telegram.org/bot8126202417:AAFxwmr3ui6nm1rNV2O3bykYwUjEpi6c4Cs/deleteWebhook "HTTP/1.1 200 OK"
2025-06-01 18:47:12,594 - telegram.ext.Application - INFO - Application started
2025-06-01 18:47:23,309 - httpx - INFO - HTTP Request: POST https://api.telegram.org/bot8126202417:AAFxwmr3ui6nm1rNV2O3bykYwUjEpi6c4Cs/getUpdates "HTTP/1.1 200 OK"
2025-06-01 18:47:33,550 - httpx - INFO - HTTP Request: POST https://api.telegram.org/bot8126202417:AAFxwmr3ui6nm1rNV2O3bykYwUjEpi6c4Cs/getUpdates "HTTP/1.1 200 OK"
2025-06-01 18:47:43,788 - httpx - INFO - HTTP Request: POST https://api.telegram.org/bot8126202417:AAFxwmr3ui6nm1rNV2O3bykYwUjEpi6c4Cs/getUpdates "HTTP/1.1 200 OK"
2025-06-01 18:47:54,027 - httpx - INFO - HTTP Request: POST https://api.telegram.org/bot8126202417:AAFxwmr3ui6nm1rNV2O3bykYwUjEpi6c4Cs/getUpdates "HTTP/1.1 200 OK"
2025-06-01 18:48:04,266 - httpx - INFO - HTTP Request: POST https://api.telegram.org/bot8126202417:AAFxwmr3ui6nm1rNV2O3bykYwUjEpi6c4Cs/getUpdates "HTTP/1.1 200 OK"
2025-06-01 18:48:14,534 - httpx - INFO - HTTP Request: POST https://api.telegram.org/bot8126202417:AAFxwmr3ui6nm1rNV2O3bykYwUjEpi6c4Cs/getUpdates "HTTP/1.1 200 OK"
2025-06-01 18:48:24,773 - httpx - INFO - HTTP Request: POST https://api.telegram.org/bot8126202417:AAFxwmr3ui6nm1rNV2O3bykYwUjEpi6c4Cs/getUpdates "HTTP/1.1 200 OK"
2025-06-01 18:48:35,010 - httpx - INFO - HTTP Request: POST https://api.telegram.org/bot8126202417:AAFxwmr3ui6nm1rNV2O3bykYwUjEpi6c4Cs/getUpdates "HTTP/1.1 200 OK"
2025-06-01 18:48:45,249 - httpx - INFO - HTTP Request: POST https://api.telegram.org/bot8126202417:AAFxwmr3ui6nm1rNV2O3bykYwUjEpi6c4Cs/getUpdates "HTTP/1.1 200 OK"
2025-06-01 18:48:55,490 - httpx - INFO - HTTP Request: POST https://api.telegram.org/bot8126202417:AAFxwmr3ui6nm1rNV2O3bykYwUjEpi6c4Cs/getUpdates "HTTP/1.1 200 OK"
2025-06-01 18:49:05,729 - httpx - INFO - HTTP Request: POST https://api.telegram.org/bot8126202417:AAFxwmr3ui6nm1rNV2O3bykYwUjEpi6c4Cs/getUpdates "HTTP/1.1 200 OK"
2025-06-01 18:49:15,968 - httpx - INFO - HTTP Request: POST https://api.telegram.org/bot8126202417:AAFxwmr3ui6nm1rNV2O3bykYwUjEpi6c4Cs/getUpdates "HTTP/1.1 200 OK"
2025-06-01 18:49:26,206 - httpx - INFO - HTTP Request: POST https://api.telegram.org/bot8126202417:AAFxwmr3ui6nm1rNV2O3bykYwUjEpi6c4Cs/getUpdates "HTTP/1.1 200 OK"
2025-06-01 18:49:36,446 - httpx - INFO - HTTP Request: POST https://api.telegram.org/bot8126202417:AAFxwmr3ui6nm1rNV2O3bykYwUjEpi6c4Cs/getUpdates "HTTP/1.1 200 OK"
2025-06-01 18:49:46,684 - httpx - INFO - HTTP Request: POST https://api.telegram.org/bot8126202417:AAFxwmr3ui6nm1rNV2O3bykYwUjEpi6c4Cs/getUpdates "HTTP/1.1 200 OK"
2025-06-01 18:49:56,924 - httpx - INFO - HTTP Request: POST https://api.telegram.org/bot8126202417:AAFxwmr3ui6nm1rNV2O3bykYwUjEpi6c4Cs/getUpdates "HTTP/1.1 200 OK"
2025-06-01 18:50:07,171 - httpx - INFO - HTTP Request: POST https://api.telegram.org/bot8126202417:AAFxwmr3ui6nm1rNV2O3bykYwUjEpi6c4Cs/getUpdates "HTTP/1.1 200 OK"
2025-06-01 18:50:17,410 - httpx - INFO - HTTP Request: POST https://api.telegram.org/bot8126202417:AAFxwmr3ui6nm1rNV2O3bykYwUjEpi6c4Cs/getUpdates "HTTP/1.1 200 OK"
2025-06-01 18:50:27,652 - httpx - INFO - HTTP Request: POST https://api.telegram.org/bot8126202417:AAFxwmr3ui6nm1rNV2O3bykYwUjEpi6c4Cs/getUpdates "HTTP/1.1 200 OK"
2025-06-01 18:50:37,477 - httpx - INFO - HTTP Request: POST https://api.telegram.org/bot8126202417:AAFxwmr3ui6nm1rNV2O3bykYwUjEpi6c4Cs/getMe "HTTP/1.1 200 OK"
2025-06-01 18:50:37,707 - httpx - INFO - HTTP Request: POST https://api.telegram.org/bot8126202417:AAFxwmr3ui6nm1rNV2O3bykYwUjEpi6c4Cs/deleteWebhook "HTTP/1.1 200 OK"
2025-06-01 18:50:37,710 - telegram.ext.Application - INFO - Application started
2025-06-01 18:50:48,401 - httpx - INFO - HTTP Request: POST https://api.telegram.org/bot8126202417:AAFxwmr3ui6nm1rNV2O3bykYwUjEpi6c4Cs/getUpdates "HTTP/1.1 200 OK"
2025-06-01 18:50:58,632 - httpx - INFO - HTTP Request: POST https://api.telegram.org/bot8126202417:AAFxwmr3ui6nm1rNV2O3bykYwUjEpi6c4Cs/getUpdates "HTTP/1.1 200 OK"
2025-06-01 18:51:08,863 - httpx - INFO - HTTP Request: POST https://api.telegram.org/bot8126202417:AAFxwmr3ui6nm1rNV2O3bykYwUjEpi6c4Cs/getUpdates "HTTP/1.1 200 OK"
2025-06-01 18:51:19,093 - httpx - INFO - HTTP Request: POST https://api.telegram.org/bot8126202417:AAFxwmr3ui6nm1rNV2O3bykYwUjEpi6c4Cs/getUpdates "HTTP/1.1 200 OK"
2025-06-01 18:51:29,327 - httpx - INFO - HTTP Request: POST https://api.telegram.org/bot8126202417:AAFxwmr3ui6nm1rNV2O3bykYwUjEpi6c4Cs/getUpdates "HTTP/1.1 200 OK"
2025-06-01 18:51:39,559 - httpx - INFO - HTTP Request: POST https://api.telegram.org/bot8126202417:AAFxwmr3ui6nm1rNV2O3bykYwUjEpi6c4Cs/getUpdates "HTTP/1.1 200 OK"
2025-06-01 18:51:49,792 - httpx - INFO - HTTP Request: POST https://api.telegram.org/bot8126202417:AAFxwmr3ui6nm1rNV2O3bykYwUjEpi6c4Cs/getUpdates "HTTP/1.1 200 OK"
2025-06-01 18:52:00,027 - httpx - INFO - HTTP Request: POST https://api.telegram.org/bot8126202417:AAFxwmr3ui6nm1rNV2O3bykYwUjEpi6c4Cs/getUpdates "HTTP/1.1 200 OK"
2025-06-01 18:52:10,263 - httpx - INFO - HTTP Request: POST https://api.telegram.org/bot8126202417:AAFxwmr3ui6nm1rNV2O3bykYwUjEpi6c4Cs/getUpdates "HTTP/1.1 200 OK"
2025-06-01 18:52:20,498 - httpx - INFO - HTTP Request: POST https://api.telegram.org/bot8126202417:AAFxwmr3ui6nm1rNV2O3bykYwUjEpi6c4Cs/getUpdates "HTTP/1.1 200 OK"
2025-06-01 18:52:30,731 - httpx - INFO - HTTP Request: POST https://api.telegram.org/bot8126202417:AAFxwmr3ui6nm1rNV2O3bykYwUjEpi6c4Cs/getUpdates "HTTP/1.1 200 OK"
2025-06-01 18:52:40,967 - httpx - INFO - HTTP Request: POST https://api.telegram.org/bot8126202417:AAFxwmr3ui6nm1rNV2O3bykYwUjEpi6c4Cs/getUpdates "HTTP/1.1 200 OK"
2025-06-01 18:52:51,204 - httpx - INFO - HTTP Request: POST https://api.telegram.org/bot8126202417:AAFxwmr3ui6nm1rNV2O3bykYwUjEpi6c4Cs/getUpdates "HTTP/1.1 200 OK"
2025-06-01 18:53:01,436 - httpx - INFO - HTTP Request: POST https://api.telegram.org/bot8126202417:AAFxwmr3ui6nm1rNV2O3bykYwUjEpi6c4Cs/getUpdates "HTTP/1.1 200 OK"
2025-06-01 18:53:11,672 - httpx - INFO - HTTP Request: POST https://api.telegram.org/bot8126202417:AAFxwmr3ui6nm1rNV2O3bykYwUjEpi6c4Cs/getUpdates "HTTP/1.1 200 OK"
2025-06-01 18:53:21,914 - httpx - INFO - HTTP Request: POST https://api.telegram.org/bot8126202417:AAFxwmr3ui6nm1rNV2O3bykYwUjEpi6c4Cs/getUpdates "HTTP/1.1 200 OK"
2025-06-01 18:53:32,153 - httpx - INFO - HTTP Request: POST https://api.telegram.org/bot8126202417:AAFxwmr3ui6nm1rNV2O3bykYwUjEpi6c4Cs/getUpdates "HTTP/1.1 200 OK"
2025-06-01 18:53:42,391 - httpx - INFO - HTTP Request: POST https://api.telegram.org/bot8126202417:AAFxwmr3ui6nm1rNV2O3bykYwUjEpi6c4Cs/getUpdates "HTTP/1.1 200 OK"
2025-06-01 18:53:47,820 - httpx - INFO - HTTP Request: POST https://api.telegram.org/bot8126202417:AAFxwmr3ui6nm1rNV2O3bykYwUjEpi6c4Cs/getUpdates "HTTP/1.1 200 OK"
2025-06-01 18:53:47,821 - telegram.ext.Application - INFO - Application is stopping. This might take a moment.
2025-06-01 18:53:47,821 - telegram.ext.Application - INFO - Application.stop() complete
2025-06-01 18:54:39,996 - httpx - INFO - HTTP Request: POST https://api.telegram.org/bot8126202417:AAFxwmr3ui6nm1rNV2O3bykYwUjEpi6c4Cs/getMe "HTTP/1.1 200 OK"
2025-06-01 18:54:40,235 - httpx - INFO - HTTP Request: POST https://api.telegram.org/bot8126202417:AAFxwmr3ui6nm1rNV2O3bykYwUjEpi6c4Cs/deleteWebhook "HTTP/1.1 200 OK"
2025-06-01 18:54:40,237 - telegram.ext.Application - INFO - Application started
2025-06-01 18:54:50,973 - httpx - INFO - HTTP Request: POST https://api.telegram.org/bot8126202417:AAFxwmr3ui6nm1rNV2O3bykYwUjEpi6c4Cs/getUpdates "HTTP/1.1 200 OK"
2025-06-01 18:55:01,219 - httpx - INFO - HTTP Request: POST https://api.telegram.org/bot8126202417:AAFxwmr3ui6nm1rNV2O3bykYwUjEpi6c4Cs/getUpdates "HTTP/1.1 200 OK"
2025-06-01 18:55:11,466 - httpx - INFO - HTTP Request: POST https://api.telegram.org/bot8126202417:AAFxwmr3ui6nm1rNV2O3bykYwUjEpi6c4Cs/getUpdates "HTTP/1.1 200 OK"
2025-06-01 18:55:21,717 - httpx - INFO - HTTP Request: POST https://api.telegram.org/bot8126202417:AAFxwmr3ui6nm1rNV2O3bykYwUjEpi6c4Cs/getUpdates "HTTP/1.1 200 OK"
2025-06-01 18:55:31,961 - httpx - INFO - HTTP Request: POST https://api.telegram.org/bot8126202417:AAFxwmr3ui6nm1rNV2O3bykYwUjEpi6c4Cs/getUpdates "HTTP/1.1 200 OK"
2025-06-01 18:55:42,208 - httpx - INFO - HTTP Request: POST https://api.telegram.org/bot8126202417:AAFxwmr3ui6nm1rNV2O3bykYwUjEpi6c4Cs/getUpdates "HTTP/1.1 200 OK"
2025-06-01 18:55:52,453 - httpx - INFO - HTTP Request: POST https://api.telegram.org/bot8126202417:AAFxwmr3ui6nm1rNV2O3bykYwUjEpi6c4Cs/getUpdates "HTTP/1.1 200 OK"
2025-06-01 18:56:02,704 - httpx - INFO - HTTP Request: POST https://api.telegram.org/bot8126202417:AAFxwmr3ui6nm1rNV2O3bykYwUjEpi6c4Cs/getUpdates "HTTP/1.1 200 OK"
2025-06-01 18:56:12,948 - httpx - INFO - HTTP Request: POST https://api.telegram.org/bot8126202417:AAFxwmr3ui6nm1rNV2O3bykYwUjEpi6c4Cs/getUpdates "HTTP/1.1 200 OK"
2025-06-01 18:56:23,208 - httpx - INFO - HTTP Request: POST https://api.telegram.org/bot8126202417:AAFxwmr3ui6nm1rNV2O3bykYwUjEpi6c4Cs/getUpdates "HTTP/1.1 200 OK"
2025-06-01 18:56:33,458 - httpx - INFO - HTTP Request: POST https://api.telegram.org/bot8126202417:AAFxwmr3ui6nm1rNV2O3bykYwUjEpi6c4Cs/getUpdates "HTTP/1.1 200 OK"
2025-06-01 18:56:38,571 - httpx - INFO - HTTP Request: POST https://api.telegram.org/bot8126202417:AAFxwmr3ui6nm1rNV2O3bykYwUjEpi6c4Cs/getUpdates "HTTP/1.1 200 OK"
2025-06-01 18:56:38,574 - telegram.ext.Application - INFO - Application is stopping. This might take a moment.
2025-06-01 18:56:38,576 - telegram.ext.Application - INFO - Application.stop() complete
2025-06-01 18:56:44,850 - httpx - INFO - HTTP Request: POST https://api.telegram.org/bot8126202417:AAFxwmr3ui6nm1rNV2O3bykYwUjEpi6c4Cs/getMe "HTTP/1.1 200 OK"
2025-06-01 18:56:45,075 - httpx - INFO - HTTP Request: POST https://api.telegram.org/bot8126202417:AAFxwmr3ui6nm1rNV2O3bykYwUjEpi6c4Cs/deleteWebhook "HTTP/1.1 200 OK"
2025-06-01 18:56:45,081 - telegram.ext.Application - INFO - Application started
2025-06-01 18:56:49,083 - httpx - INFO - HTTP Request: POST https://api.telegram.org/bot8126202417:AAFxwmr3ui6nm1rNV2O3bykYwUjEpi6c4Cs/getUpdates "HTTP/1.1 200 OK"
2025-06-01 18:56:49,084 - telegram.ext.Application - INFO - Application is stopping. This might take a moment.
2025-06-01 18:56:49,085 - telegram.ext.Application - INFO - Application.stop() complete
